<?xml version="1.0" encoding="UTF-8"?>
<!-- Generated by org.testng.reporters.JUnitReportReporter -->
<testsuite hostname="Gaylu" failures="0" tests="1" name="testCases.TC002_LoginTest" time="1.748" errors="0" timestamp="2025-03-20T20:27:13 EDT" skipped="0">
  <testcase classname="testCases.TC002_LoginTest" name="verify_login" time="1.748"/>
</testsuite> <!-- testCases.TC002_LoginTest -->
